The program starts at: 2017-01-12 00:12:07

The program starts at: 2017-01-12 00:13:50

2 times carry out the search mission ...
the program begin at: 2017-01-12 00:14:06
the program   end at: 2017-01-12 16:35:49
program has run 58902 seconds: 0 days 16 hours 21 mins 42 seconds
addedPageCount: 369
updatePageCount: 3624
the program has saved 5682 pages
program will sleep 1 days

3 times carry out the search mission ...
the program begin at: 2017-01-13 16:35:49
the program   end at: 2017-01-14 08:06:29
program has run 55839 seconds: 0 days 15 hours 30 mins 39 seconds
addedPageCount: 167
updatePageCount: 3557
the program has saved 5849 pages
program will sleep 1 days

The program starts at: 2017-06-20 17:49:51

5 times carry out the search mission ...
the program begin at: 2017-06-20 17:50:27
the program   end at: 2017-06-20 18:06:40
program has run 973 seconds: 0 days 0 hours 16 mins 13 seconds
addedPageCount: 48
updatePageCount: 28
the program has saved 5990 pages
program will sleep 1 days

The program starts at: 2017-06-20 18:45:44

The program starts at: 2017-06-21 16:38:32

7 times carry out the search mission ...
the program begin at: 2017-06-21 16:39:33
the program   end at: 2017-06-21 16:41:56
program has run 143 seconds: 0 days 0 hours 2 mins 23 seconds
addedPageCount: 7
updatePageCount: 4
the program has saved 7738 pages
The program starts at: 2017-06-21 17:27:55

8 times carry out the search mission ...
the program begin at: 2017-06-21 17:28:53
the program   end at: 2017-06-21 17:48:17
program has run 1164 seconds: 0 days 0 hours 19 mins 24 seconds
addedPageCount: 14
updatePageCount: 73
the program has saved 7752 pages
program will sleep 1 days

The program starts at: 2017-06-21 18:37:37

9 times carry out the search mission ...
the program begin at: 2017-06-21 18:38:34
the program   end at: 2017-06-22 10:16:09
program has run 56254 seconds: 0 days 15 hours 37 mins 34 seconds
addedPageCount: 491
updatePageCount: 3350
the program has saved 8243 pages
program will sleep 1 days

10 times carry out the search mission ...
the program begin at: 2017-06-23 10:16:09
the program   end at: 2017-06-24 01:58:29
program has run 56540 seconds: 0 days 15 hours 42 mins 20 seconds
addedPageCount: 470
updatePageCount: 3229
the program has saved 8713 pages
program will sleep 1 days

11 times carry out the search mission ...
the program begin at: 2017-06-25 01:58:29
the program   end at: 2017-06-25 17:21:54
program has run 55404 seconds: 0 days 15 hours 23 mins 24 seconds
addedPageCount: 158
updatePageCount: 3583
the program has saved 8871 pages
program will sleep 1 days

12 times carry out the search mission ...
the program begin at: 2017-06-26 17:21:54
the program   end at: 2017-06-27 07:02:34
program has run 49239 seconds: 0 days 13 hours 40 mins 39 seconds
addedPageCount: 214
updatePageCount: 3161
the program has saved 9085 pages
program will sleep 1 days

13 times carry out the search mission ...
the program begin at: 2017-06-28 07:02:34
the program   end at: 2017-06-28 09:40:39
program has run 9484 seconds: 0 days 2 hours 38 mins 4 seconds
addedPageCount: 22
updatePageCount: 644
the program has saved 9107 pages
program will sleep 1 days

14 times carry out the search mission ...
the program begin at: 2017-06-29 09:40:39
the program   end at: 2017-06-30 00:17:48
program has run 52628 seconds: 0 days 14 hours 37 mins 8 seconds
addedPageCount: 159
updatePageCount: 3431
the program has saved 9266 pages
program will sleep 1 days

15 times carry out the search mission ...
the program begin at: 2017-07-01 00:17:48
the program   end at: 2017-07-01 00:17:54
program has run 5 seconds: 0 days 0 hours 0 mins 5 seconds
addedPageCount: 0
updatePageCount: 0
the program has saved 9266 pages
program will sleep 2 days

16 times carry out the search mission ...
the program begin at: 2017-07-03 00:17:54
the program   end at: 2017-07-03 08:14:24
program has run 28590 seconds: 0 days 7 hours 56 mins 30 seconds
addedPageCount: 90
updatePageCount: 1940
the program has saved 9356 pages
program will sleep 1 days

17 times carry out the search mission ...
the program begin at: 2017-07-04 08:14:24
the program   end at: 2017-07-05 01:34:23
program has run 62399 seconds: 0 days 17 hours 19 mins 59 seconds
addedPageCount: 634
updatePageCount: 3781
the program has saved 9990 pages
program will sleep 1 days

18 times carry out the search mission ...
the program begin at: 2017-07-06 01:34:23
the program   end at: 2017-07-06 16:11:08
program has run 52604 seconds: 0 days 14 hours 36 mins 44 seconds
addedPageCount: 237
updatePageCount: 3329
the program has saved 10227 pages
program will sleep 1 days

19 times carry out the search mission ...
the program begin at: 2017-07-07 16:11:08
the program   end at: 2017-07-08 07:46:44
program has run 56136 seconds: 0 days 15 hours 35 mins 36 seconds
addedPageCount: 277
updatePageCount: 3558
the program has saved 10504 pages
program will sleep 1 days

20 times carry out the search mission ...
the program begin at: 2017-07-09 07:46:44
the program   end at: 2017-07-09 20:00:52
program has run 44048 seconds: 0 days 12 hours 14 mins 8 seconds
addedPageCount: 122
updatePageCount: 2404
the program has saved 10626 pages
program will sleep 1 days

21 times carry out the search mission ...
the program begin at: 2017-07-10 20:00:52
the program   end at: 2017-07-11 09:27:53
program has run 48420 seconds: 0 days 13 hours 27 mins 0 seconds
addedPageCount: 123
updatePageCount: 3152
the program has saved 10749 pages
program will sleep 1 days

22 times carry out the search mission ...
the program begin at: 2017-07-12 09:27:54
the program   end at: 2017-07-12 23:58:24
program has run 52230 seconds: 0 days 14 hours 30 mins 30 seconds
addedPageCount: 296
updatePageCount: 3241
the program has saved 11045 pages
program will sleep 1 days

23 times carry out the search mission ...
the program begin at: 2017-07-13 23:58:24
the program   end at: 2017-07-14 13:54:23
program has run 50159 seconds: 0 days 13 hours 55 mins 59 seconds
addedPageCount: 170
updatePageCount: 3320
the program has saved 11215 pages
program will sleep 1 days

24 times carry out the search mission ...
the program begin at: 2017-07-15 13:54:23
the program   end at: 2017-07-16 04:36:47
program has run 52943 seconds: 0 days 14 hours 42 mins 23 seconds
addedPageCount: 131
updatePageCount: 3473
the program has saved 11346 pages
program will sleep 1 days

25 times carry out the search mission ...
the program begin at: 2017-07-17 04:36:47
the program   end at: 2017-07-17 19:39:23
program has run 54156 seconds: 0 days 15 hours 2 mins 36 seconds
addedPageCount: 217
updatePageCount: 3446
the program has saved 11563 pages
program will sleep 1 days

26 times carry out the search mission ...
the program begin at: 2017-07-18 19:39:24
the program   end at: 2017-07-19 10:39:24
program has run 54000 seconds: 0 days 15 hours 0 mins 0 seconds
addedPageCount: 103
updatePageCount: 3567
the program has saved 11666 pages
program will sleep 1 days

